ERROR - 2022-04-03 21:31:19 --> Error connecting to the database: Access denied for user ''@'localhost' (using password: NO)
CRITICAL - 2022-04-03 21:31:19 --> Unable to connect to the database.
Main connection [MySQLi]: Access denied for user ''@'localhost' (using password: NO)
#0 C:\xampp\htdocs\Semester 4\ci\vendor\codeigniter4\framework\system\Database\BaseConnection.php(577): CodeIgniter\Database\BaseConnection->initialize()
#1 C:\xampp\htdocs\Semester 4\ci\vendor\codeigniter4\framework\system\Database\BaseBuilder.php(1455): CodeIgniter\Database\BaseConnection->query('SELECT *\nFROM `...', Array, false)
#2 C:\xampp\htdocs\Semester 4\ci\app\Models\PortoModel.php(15): CodeIgniter\Database\BaseBuilder->get()
#3 C:\xampp\htdocs\Semester 4\ci\app\Controllers\Home.php(55): App\Models\PortoModel->getEdu()
#4 C:\xampp\htdocs\Semester 4\ci\vendor\codeigniter4\framework\system\CodeIgniter.php(832): App\Controllers\Home->index()
#5 C:\xampp\htdocs\Semester 4\ci\vendor\codeigniter4\framework\system\CodeIgniter.php(419): CodeIgniter\CodeIgniter->runController(Object(App\Controllers\Home))
#6 C:\xampp\htdocs\Semester 4\ci\vendor\codeigniter4\framework\system\CodeIgniter.php(326): CodeIgniter\CodeIgniter->handleRequest(NULL, Object(Config\Cache), false)
#7 C:\xampp\htdocs\Semester 4\ci\public\index.php(37): CodeIgniter\CodeIgniter->run()
#8 C:\xampp\htdocs\Semester 4\ci\vendor\codeigniter4\framework\system\Commands\Server\rewrite.php(43): require_once('C:\\xampp\\htdocs...')
#9 {main}
CRITICAL - 2022-04-03 21:35:11 --> You must set the database table to be used with your query.
#0 C:\xampp\htdocs\Semester 4\ci\vendor\codeigniter4\framework\system\Model.php(545): CodeIgniter\Database\BaseConnection->table(NULL)
#1 C:\xampp\htdocs\Semester 4\ci\vendor\codeigniter4\framework\system\Model.php(722): CodeIgniter\Model->builder()
#2 C:\xampp\htdocs\Semester 4\ci\app\Controllers\Home.php(56): CodeIgniter\Model->__call('getExp', Array)
#3 C:\xampp\htdocs\Semester 4\ci\vendor\codeigniter4\framework\system\CodeIgniter.php(832): App\Controllers\Home->index()
#4 C:\xampp\htdocs\Semester 4\ci\vendor\codeigniter4\framework\system\CodeIgniter.php(419): CodeIgniter\CodeIgniter->runController(Object(App\Controllers\Home))
#5 C:\xampp\htdocs\Semester 4\ci\vendor\codeigniter4\framework\system\CodeIgniter.php(326): CodeIgniter\CodeIgniter->handleRequest(NULL, Object(Config\Cache), false)
#6 C:\xampp\htdocs\Semester 4\ci\public\index.php(37): CodeIgniter\CodeIgniter->run()
#7 C:\xampp\htdocs\Semester 4\ci\vendor\codeigniter4\framework\system\Commands\Server\rewrite.php(43): require_once('C:\\xampp\\htdocs...')
#8 {main}
