ERROR - 2023-05-15 10:17:30 --> Error connecting to the database: Unknown database 'cv'
CRITICAL - 2023-05-15 10:17:30 --> Unable to connect to the database.
Main connection [MySQLi]: Unknown database 'cv'
#0 C:\laragon\www\cv-e\vendor\codeigniter4\framework\system\Database\BaseConnection.php(577): CodeIgniter\Database\BaseConnection->initialize()
#1 C:\laragon\www\cv-e\vendor\codeigniter4\framework\system\Database\BaseBuilder.php(1455): CodeIgniter\Database\BaseConnection->query('SELECT *\nFROM `...', Array, false)
#2 C:\laragon\www\cv-e\app\Models\PortoModel.php(15): CodeIgniter\Database\BaseBuilder->get()
#3 C:\laragon\www\cv-e\app\Controllers\Home.php(55): App\Models\PortoModel->getEdu()
#4 C:\laragon\www\cv-e\vendor\codeigniter4\framework\system\CodeIgniter.php(832): App\Controllers\Home->index()
#5 C:\laragon\www\cv-e\vendor\codeigniter4\framework\system\CodeIgniter.php(419): CodeIgniter\CodeIgniter->runController(Object(App\Controllers\Home))
#6 C:\laragon\www\cv-e\vendor\codeigniter4\framework\system\CodeIgniter.php(326): CodeIgniter\CodeIgniter->handleRequest(NULL, Object(Config\Cache), false)
#7 C:\laragon\www\cv-e\public\index.php(37): CodeIgniter\CodeIgniter->run()
#8 C:\laragon\www\cv-e\vendor\codeigniter4\framework\system\Commands\Server\rewrite.php(43): require_once('C:\\laragon\\www\\...')
#9 {main}
ERROR - 2023-05-15 10:18:19 --> Error connecting to the database: Unknown database 'cv'
CRITICAL - 2023-05-15 10:18:19 --> Unable to connect to the database.
Main connection [MySQLi]: Unknown database 'cv'
#0 C:\laragon\www\cv-e\vendor\codeigniter4\framework\system\Database\BaseConnection.php(577): CodeIgniter\Database\BaseConnection->initialize()
#1 C:\laragon\www\cv-e\vendor\codeigniter4\framework\system\Database\BaseBuilder.php(1455): CodeIgniter\Database\BaseConnection->query('SELECT *\nFROM `...', Array, false)
#2 C:\laragon\www\cv-e\app\Models\PortoModel.php(15): CodeIgniter\Database\BaseBuilder->get()
#3 C:\laragon\www\cv-e\app\Controllers\Home.php(55): App\Models\PortoModel->getEdu()
#4 C:\laragon\www\cv-e\vendor\codeigniter4\framework\system\CodeIgniter.php(832): App\Controllers\Home->index()
#5 C:\laragon\www\cv-e\vendor\codeigniter4\framework\system\CodeIgniter.php(419): CodeIgniter\CodeIgniter->runController(Object(App\Controllers\Home))
#6 C:\laragon\www\cv-e\vendor\codeigniter4\framework\system\CodeIgniter.php(326): CodeIgniter\CodeIgniter->handleRequest(NULL, Object(Config\Cache), false)
#7 C:\laragon\www\cv-e\public\index.php(37): CodeIgniter\CodeIgniter->run()
#8 C:\laragon\www\cv-e\vendor\codeigniter4\framework\system\Commands\Server\rewrite.php(43): require_once('C:\\laragon\\www\\...')
#9 {main}
ERROR - 2023-05-15 10:18:21 --> Error connecting to the database: Unknown database 'cv'
CRITICAL - 2023-05-15 10:18:21 --> Unable to connect to the database.
Main connection [MySQLi]: Unknown database 'cv'
#0 C:\laragon\www\cv-e\vendor\codeigniter4\framework\system\Database\BaseConnection.php(577): CodeIgniter\Database\BaseConnection->initialize()
#1 C:\laragon\www\cv-e\vendor\codeigniter4\framework\system\Database\BaseBuilder.php(1455): CodeIgniter\Database\BaseConnection->query('SELECT *\nFROM `...', Array, false)
#2 C:\laragon\www\cv-e\app\Models\PortoModel.php(15): CodeIgniter\Database\BaseBuilder->get()
#3 C:\laragon\www\cv-e\app\Controllers\Home.php(55): App\Models\PortoModel->getEdu()
#4 C:\laragon\www\cv-e\vendor\codeigniter4\framework\system\CodeIgniter.php(832): App\Controllers\Home->index()
#5 C:\laragon\www\cv-e\vendor\codeigniter4\framework\system\CodeIgniter.php(419): CodeIgniter\CodeIgniter->runController(Object(App\Controllers\Home))
#6 C:\laragon\www\cv-e\vendor\codeigniter4\framework\system\CodeIgniter.php(326): CodeIgniter\CodeIgniter->handleRequest(NULL, Object(Config\Cache), false)
#7 C:\laragon\www\cv-e\public\index.php(37): CodeIgniter\CodeIgniter->run()
#8 C:\laragon\www\cv-e\vendor\codeigniter4\framework\system\Commands\Server\rewrite.php(43): require_once('C:\\laragon\\www\\...')
#9 {main}
