ERROR - 2022-04-11 08:04:39 --> Error connecting to the database: Access denied for user ''@'localhost' (using password: NO)
CRITICAL - 2022-04-11 08:04:39 --> Unable to connect to the database.
Main connection [MySQLi]: Access denied for user ''@'localhost' (using password: NO)
#0 C:\xampp\htdocs\Semester 4\ci\vendor\codeigniter4\framework\system\Database\BaseConnection.php(577): CodeIgniter\Database\BaseConnection->initialize()
#1 C:\xampp\htdocs\Semester 4\ci\vendor\codeigniter4\framework\system\Database\BaseBuilder.php(1455): CodeIgniter\Database\BaseConnection->query('SELECT *\nFROM `...', Array, false)
#2 C:\xampp\htdocs\Semester 4\ci\app\Models\PortoModel.php(15): CodeIgniter\Database\BaseBuilder->get()
#3 C:\xampp\htdocs\Semester 4\ci\app\Controllers\Home.php(55): App\Models\PortoModel->getEdu()
#4 C:\xampp\htdocs\Semester 4\ci\vendor\codeigniter4\framework\system\CodeIgniter.php(832): App\Controllers\Home->index()
#5 C:\xampp\htdocs\Semester 4\ci\vendor\codeigniter4\framework\system\CodeIgniter.php(419): CodeIgniter\CodeIgniter->runController(Object(App\Controllers\Home))
#6 C:\xampp\htdocs\Semester 4\ci\vendor\codeigniter4\framework\system\CodeIgniter.php(326): CodeIgniter\CodeIgniter->handleRequest(NULL, Object(Config\Cache), false)
#7 C:\xampp\htdocs\Semester 4\ci\public\index.php(37): CodeIgniter\CodeIgniter->run()
#8 C:\xampp\htdocs\Semester 4\ci\vendor\codeigniter4\framework\system\Commands\Server\rewrite.php(43): require_once('C:\\xampp\\htdocs...')
#9 {main}
ERROR - 2022-04-11 08:22:50 --> Table 'cv.tb_exp' doesn't exist
CRITICAL - 2022-04-11 08:22:50 --> Table 'cv.tb_exp' doesn't exist
#0 C:\xampp\htdocs\Semester 4\ci\vendor\codeigniter4\framework\system\Database\MySQLi\Connection.php(292): mysqli->query('SELECT *\nFROM `...', 0)
#1 C:\xampp\htdocs\Semester 4\ci\vendor\codeigniter4\framework\system\Database\BaseConnection.php(670): CodeIgniter\Database\MySQLi\Connection->execute('SELECT *\nFROM `...')
#2 C:\xampp\htdocs\Semester 4\ci\vendor\codeigniter4\framework\system\Database\BaseConnection.php(598): CodeIgniter\Database\BaseConnection->simpleQuery('SELECT *\nFROM `...')
#3 C:\xampp\htdocs\Semester 4\ci\vendor\codeigniter4\framework\system\Database\BaseBuilder.php(1455): CodeIgniter\Database\BaseConnection->query('SELECT *\nFROM `...', Array, false)
#4 C:\xampp\htdocs\Semester 4\ci\app\Models\PortoModel.php(22): CodeIgniter\Database\BaseBuilder->get()
#5 C:\xampp\htdocs\Semester 4\ci\app\Controllers\Home.php(56): App\Models\PortoModel->getExp()
#6 C:\xampp\htdocs\Semester 4\ci\vendor\codeigniter4\framework\system\CodeIgniter.php(832): App\Controllers\Home->index()
#7 C:\xampp\htdocs\Semester 4\ci\vendor\codeigniter4\framework\system\CodeIgniter.php(419): CodeIgniter\CodeIgniter->runController(Object(App\Controllers\Home))
#8 C:\xampp\htdocs\Semester 4\ci\vendor\codeigniter4\framework\system\CodeIgniter.php(326): CodeIgniter\CodeIgniter->handleRequest(NULL, Object(Config\Cache), false)
#9 C:\xampp\htdocs\Semester 4\ci\public\index.php(37): CodeIgniter\CodeIgniter->run()
#10 C:\xampp\htdocs\Semester 4\ci\vendor\codeigniter4\framework\system\Commands\Server\rewrite.php(43): require_once('C:\\xampp\\htdocs...')
#11 {main}
